{
  "RSpec": {
    "coverage": {
      "/Users/apprentice/workspace/real-life/spec/controllers/habits_controller_spec.rb": [
        1,
        null,
        1,
        null,
        1,
        1,
        3,
        3,
        1,
        1,
        1,
        null,
        1,
        1,
        1,
        null,
        null,
        1,
        3,
        3,
        1,
        1,
        null,
        1,
        1,
        null,
        null,
        null,
        null,
        1,
        1,
        3,
        1,
        2,
        null,
        1,
        2,
        2,
        null,
        1,
        1,
        null,
        1,
        1,
        null,
        null,
        null,
        1,
        3,
        1,
        2,
        null,
        1,
        2,
        2,
        null,
        1,
        1,
        null,
        1,
        1,
        null,
        null,
        null,
        null,
        1,
        2,
        2,
        1,
        1,
        null,
        null,
        null,
        null
      ],
      "/Users/apprentice/workspace/real-life/spec/rails_helper.rb": [
        null,
        1,
        1,
        null,
        1,
        1,
        1,
        null,
        null,
        null,
        null,
        null,
        null,
        null,
        null,
        null,
        null,
        null,
        null,
        null,
        null,
        null,
        null,
        null,
        null,
        null,
        1,
        null,
        1,
        null,
        1,
        null,
        null,
        null,
        null,
        1,
        null,
        null,
        null,
        null,
        null,
        null,
        null,
        null,
        null,
        null,
        null,
        null,
        null,
        null,
        1,
        null,
        null,
        1,
        null,
        null,
        null
      ],
      "/Users/apprentice/workspace/real-life/config/environment.rb": [
        null,
        1,
        null,
        null,
        1
      ],
      "/Users/apprentice/workspace/real-life/config/application.rb": [
        1,
        null,
        1,
        null,
        null,
        null,
        1,
        null,
        1,
        1,
        null,
        null,
        null,
        null,
        null,
        null,
        null,
        null,
        null,
        null,
        null,
        null,
        null,
        1,
        null,
        null
      ],
      "/Users/apprentice/workspace/real-life/config/boot.rb": [
        1,
        null,
        1
      ],
      "/Users/apprentice/workspace/real-life/config/environments/test.rb": [
        1,
        null,
        null,
        null,
        null,
        null,
        null,
        1,
        null,
        null,
        null,
        null,
        1,
        null,
        null,
        1,
        1,
        null,
        null,
        1,
        1,
        null,
        null,
        1,
        null,
        null,
        1,
        null,
        null,
        null,
        null,
        1,
        null,
        null,
        1,
        null,
        null,
        1,
        null,
        null,
        null,
        null
      ],
      "/Users/apprentice/workspace/real-life/config/initializers/assets.rb": [
        null,
        null,
        null,
        1,
        null,
        null,
        null,
        null,
        null,
        null,
        null
      ],
      "/Users/apprentice/workspace/real-life/config/initializers/backtrace_silencers.rb": [
        null,
        null,
        null,
        null,
        null,
        null,
        null
      ],
      "/Users/apprentice/workspace/real-life/config/initializers/cookies_serializer.rb": [
        null,
        null,
        1
      ],
      "/Users/apprentice/workspace/real-life/config/initializers/devise.rb": [
        null,
        null,
        1,
        null,
        null,
        null,
        null,
        null,
        null,
        null,
        null,
        null,
        null,
        null,
        1,
        null,
        null,
        null,
        null,
        null,
        null,
        null,
        null,
        1,
        null,
        null,
        null,
        null,
        null,
        null,
        null,
        null,
        null,
        null,
        null,
        null,
        null,
        null,
        null,
        null,
        null,
        null,
        null,
        null,
        null,
        1,
        null,
        null,
        null,
        null,
        1,
        null,
        null,
        null,
        null,
        null,
        null,
        null,
        null,
        null,
        null,
        null,
        null,
        null,
        null,
        null,
        null,
        null,
        null,
        null,
        null,
        null,
        null,
        null,
        null,
        null,
        null,
        null,
        null,
        null,
        null,
        1,
        null,
        null,
        null,
        null,
        null,
        null,
        null,
        null,
        null,
        null,
        null,
        null,
        null,
        null,
        null,
        null,
        1,
        null,
        null,
        null,
        null,
        null,
        null,
        null,
        null,
        null,
        null,
        null,
        null,
        null,
        null,
        null,
        null,
        null,
        null,
        null,
        null,
        null,
        null,
        null,
        null,
        1,
        null,
        null,
        null,
        null,
        null,
        null,
        null,
        null,
        null,
        1,
        null,
        null,
        null,
        null,
        null,
        null,
        null,
        null,
        null,
        null,
        1,
        null,
        null,
        null,
        null,
        null,
        null,
        null,
        null,
        null,
        null,
        null,
        null,
        null,
        null,
        null,
        null,
        null,
        null,
        null,
        null,
        null,
        null,
        null,
        null,
        null,
        null,
        null,
        null,
        null,
        null,
        null,
        null,
        null,
        null,
        null,
        null,
        null,
        null,
        null,
        null,
        null,
        null,
        null,
        null,
        null,
        1,
        null,
        null,
        null,
        null,
        null,
        null,
        null,
        null,
        null,
        null,
        null,
        null,
        null,
        null,
        null,
        null,
        null,
        null,
        null,
        null,
        null,
        null,
        null,
        null,
        null,
        null,
        null,
        null,
        null,
        null,
        null,
        null,
        null,
        null,
        null,
        null,
        null,
        null,
        null,
        null,
        null,
        1,
        null,
        null,
        null,
        null,
        null,
        null,
        null,
        null,
        null,
        null,
        null,
        null,
        null,
        null,
        null,
        null,
        null,
        null,
        null,
        null,
        null,
        null,
        null,
        null,
        null,
        null,
        null,
        null,
        null
      ],
      "/Users/apprentice/workspace/real-life/config/initializers/filter_parameter_logging.rb": [
        null,
        null,
        null,
        1
      ],
      "/Users/apprentice/workspace/real-life/config/initializers/inflections.rb": [
        null,
        null,
        null,
        null,
        null,
        null,
        null,
        null,
        null,
        null,
        null,
        null,
        null,
        null,
        null,
        null
      ],
      "/Users/apprentice/workspace/real-life/config/initializers/mime_types.rb": [
        null,
        null,
        null,
        null
      ],
      "/Users/apprentice/workspace/real-life/config/initializers/session_store.rb": [
        null,
        null,
        1
      ],
      "/Users/apprentice/workspace/real-life/config/initializers/wrap_parameters.rb": [
        null,
        null,
        null,
        null,
        null,
        null,
        1,
        1,
        null,
        null,
        null,
        null,
        null,
        null
      ],
      "/Users/apprentice/workspace/real-life/spec/factories/habits.rb": [
        1,
        1,
        1,
        1,
        1,
        1,
        1,
        1,
        1,
        null,
        1,
        1,
        1,
        1,
        1,
        1,
        1,
        null,
        1,
        1,
        1,
        1,
        1,
        1,
        1,
        null,
        1,
        1,
        1,
        1,
        1,
        1,
        1,
        null,
        null,
        null,
        null
      ],
      "/Users/apprentice/workspace/real-life/spec/factories/tasks.rb": [
        1,
        1,
        1,
        1,
        1,
        1,
        null,
        1,
        1,
        1,
        1,
        null,
        null,
        null
      ],
      "/Users/apprentice/workspace/real-life/spec/factories/users.rb": [
        1,
        1,
        1,
        1,
        1,
        1,
        null,
        1,
        1,
        1,
        1,
        null,
        null,
        null
      ],
      "/Users/apprentice/workspace/real-life/config/routes.rb": [
        1,
        1,
        1,
        1,
        1,
        null
      ],
      "/Users/apprentice/workspace/real-life/app/models/user.rb": [
        1,
        null,
        1,
        1,
        null,
        null
      ],
      "/Users/apprentice/workspace/real-life/app/helpers/application_helper.rb": [
        1,
        null
      ],
      "/Users/apprentice/workspace/real-life/app/helpers/habit_helper.rb": [
        1,
        null
      ],
      "/Users/apprentice/workspace/real-life/app/controllers/habits_controller.rb": [
        1,
        null,
        1,
        null,
        null,
        1,
        null,
        null,
        1,
        0,
        null,
        null,
        1,
        0,
        null,
        null,
        1,
        4,
        4,
        2,
        2,
        null,
        2,
        2,
        null,
        null,
        null,
        1,
        4,
        4,
        2,
        2,
        null,
        2,
        2,
        null,
        null,
        null,
        1,
        1,
        1,
        1,
        1,
        null,
        null,
        1,
        1,
        8,
        null,
        null,
        null
      ],
      "/Users/apprentice/workspace/real-life/app/controllers/application_controller.rb": [
        1,
        1,
        null
      ],
      "/Users/apprentice/workspace/real-life/spec/models/habit_spec.rb": [
        1,
        null,
        1,
        1,
        1,
        1,
        null,
        null,
        1,
        4,
        null,
        null,
        null,
        1,
        1,
        1,
        null,
        1,
        4,
        null,
        null,
        null,
        1,
        1,
        4,
        null,
        1,
        1,
        1,
        null,
        null,
        1,
        1,
        1,
        null,
        null,
        1,
        1,
        1,
        null,
        null,
        1,
        1,
        1,
        1,
        null,
        null,
        null,
        1,
        1,
        1,
        1,
        null,
        1,
        1,
        null,
        null,
        null,
        1,
        1,
        1,
        1,
        1,
        1,
        null,
        1,
        2,
        null,
        1,
        4,
        null,
        1,
        1,
        null,
        null,
        1,
        1,
        1,
        1,
        1,
        1,
        null,
        1,
        4,
        null,
        1,
        1,
        null,
        null,
        null,
        null
      ],
      "/Users/apprentice/workspace/real-life/app/models/habit.rb": [
        1,
        1,
        1,
        1,
        1,
        1,
        1,
        1,
        null,
        1,
        null,
        1,
        8,
        4,
        4,
        null,
        4,
        null,
        null,
        null,
        1,
        248,
        null,
        null,
        1,
        3,
        32,
        null,
        null,
        1,
        1,
        32,
        null,
        null
      ],
      "/Users/apprentice/workspace/real-life/spec/models/scheduler_spec.rb": [
        1,
        null,
        1,
        1,
        3,
        3,
        3,
        null,
        1,
        4,
        1,
        null,
        1,
        4,
        1,
        null,
        1,
        1,
        1,
        null,
        null,
        null,
        null,
        null,
        null,
        null,
        1,
        1,
        1,
        null,
        4,
        null,
        null
      ],
      "/Users/apprentice/workspace/real-life/app/models/scheduler.rb": [
        1,
        1,
        2,
        3,
        2,
        null,
        null,
        null,
        null,
        1,
        4,
        4,
        2,
        null,
        null,
        null,
        null,
        null
      ],
      "/Users/apprentice/workspace/real-life/spec/models/task_spec.rb": [
        1,
        null,
        1,
        1,
        1,
        1,
        null,
        null,
        1,
        4,
        null,
        null,
        null,
        1,
        1,
        1,
        null,
        1,
        4,
        null,
        null,
        null,
        1,
        1,
        1,
        1,
        1,
        null,
        1,
        1,
        1,
        1,
        null,
        1,
        1,
        1,
        1,
        null,
        null,
        null
      ],
      "/Users/apprentice/workspace/real-life/app/models/task.rb": [
        1,
        1,
        null,
        1,
        1,
        1,
        1,
        null,
        1,
        2,
        7,
        null,
        null
      ],
      "/Users/apprentice/workspace/real-life/spec/models/user_spec.rb": [
        1,
        null,
        1,
        1,
        1,
        1,
        null,
        null,
        1,
        4,
        null,
        null,
        null,
        1,
        1,
        1,
        null,
        1,
        4,
        null,
        null,
        null,
        1,
        1,
        1,
        1,
        1,
        null,
        null,
        null
      ]
    },
    "timestamp": 1448333591
  }
}
